<?xml version="1.0" encoding="UTF-8" ?>
<testsuite failures="0" time="0.104" errors="0" skipped="0" tests="1" name="chabernac.portforward.PortForwardTest">
  <properties>
    <property name="java.runtime.name" value="Java(TM) SE Runtime Environment"/>
    <property name="sun.boot.library.path" value="C:\J\jdk1.6.0\jre\bin"/>
    <property name="java.vm.version" value="20.2-b06"/>
    <property name="java.vm.vendor" value="Sun Microsystems Inc."/>
    <property name="java.vendor.url" value="http://java.sun.com/"/>
    <property name="path.separator" value=";"/>
    <property name="java.vm.name" value="Java HotSpot(TM) 64-Bit Server VM"/>
    <property name="file.encoding.pkg" value="sun.io"/>
    <property name="user.country" value="GB"/>
    <property name="sun.java.launcher" value="SUN_STANDARD"/>
    <property name="sun.os.patch.level" value="Service Pack 1"/>
    <property name="java.vm.specification.name" value="Java Virtual Machine Specification"/>
    <property name="user.dir" value="c:\data\projects\portforward"/>
    <property name="java.runtime.version" value="1.6.0_27-b07"/>
    <property name="java.awt.graphicsenv" value="sun.awt.Win32GraphicsEnvironment"/>
    <property name="basedir" value="c:\data\projects\portforward"/>
    <property name="java.endorsed.dirs" value="C:\J\jdk1.6.0\jre\lib\endorsed"/>
    <property name="os.arch" value="amd64"/>
    <property name="surefire.real.class.path" value="C:\Users\dgch804\AppData\Local\Temp\surefirebooter448677691149015443.jar"/>
    <property name="java.io.tmpdir" value="C:\Users\dgch804\AppData\Local\Temp\"/>
    <property name="line.separator" value="
"/>
    <property name="java.vm.specification.vendor" value="Sun Microsystems Inc."/>
    <property name="user.variant" value=""/>
    <property name="os.name" value="Windows 7"/>
    <property name="sun.jnu.encoding" value="Cp1252"/>
    <property name="java.library.path" value="C:\J\jdk1.6.0\jre\bin;C:\WINDOWS\Sun\Java\bin;C:\WINDOWS\system32;C:\WINDOWS;C:\J\apache-maven-2.2.1\bin;C:\J\Graphviz2.24\bin;C:\J\apache-ant-1.6.5\bin;C:\Program Files (x86)\Serena\Dimensions 2009 R2\CM\prog;C:\Program Files (x86)\Serena\Dimensions 2009 R2\CM\prog\Microsoft.VC80.MFC;C:\Program Files (x86)\Serena\Dimensions 2009 R2\CM\prog\Microsoft.VC80.CRT;C:\Program Files (x86)\Serena\Dimensions 2009 R2\CM\prog\Microsoft.VC80.ATL;Y:\SCM\SYS\UTL;C:\WINDOWS\system32;C:\WINDOWS;C:\WINDOWS\System32\Wbem;C:\WINDOWS\System32\WindowsPowerShell\v1.0\;C:\Program Files (x86)\Microsoft Application Virtualization Client;C:\WINDOWS\SysWOW64\;C:\WINDOWS\SysWOW64\Wbem;C:\WINDOWS\SysWOW64\WindowsPowerShell\v1.0;C:\Program Files (x86)\AdminStudio\11.0\Common;C:\ORACLE;C:\ORACLE\bin;C:\J\jdk1.6.0\bin;C:\Program Files (x86)\PuTTY;C:\Program Files (x86)\Citrix\ICAService\;C:\Program Files (x86)\Citrix\System32\;C:\Program Files (x86)\IBM\Personal Communications\;C:\Program Files (x86)\IBM\Trace Facility\;C:\Program Files (x86)\Enterprise Vault\EVClient\;."/>
    <property name="surefire.test.class.path" value="c:\data\projects\portforward\target\test-classes;c:\data\projects\portforward\target\classes;c:\j\.m2\repository\junit\junit\3.8.1\junit-3.8.1.jar;c:\j\.m2\repository\log4j\log4j\1.2.9\log4j-1.2.9.jar;"/>
    <property name="java.specification.name" value="Java Platform API Specification"/>
    <property name="java.class.version" value="50.0"/>
    <property name="sun.management.compiler" value="HotSpot 64-Bit Tiered Compilers"/>
    <property name="os.version" value="6.1"/>
    <property name="user.home" value="C:\Users\dgch804"/>
    <property name="user.timezone" value=""/>
    <property name="java.awt.printerjob" value="sun.awt.windows.WPrinterJob"/>
    <property name="java.specification.version" value="1.6"/>
    <property name="file.encoding" value="Cp1252"/>
    <property name="user.name" value="DGCH804"/>
    <property name="java.class.path" value="c:\data\projects\portforward\target\test-classes;c:\data\projects\portforward\target\classes;c:\j\.m2\repository\junit\junit\3.8.1\junit-3.8.1.jar;c:\j\.m2\repository\log4j\log4j\1.2.9\log4j-1.2.9.jar;"/>
    <property name="java.vm.specification.version" value="1.0"/>
    <property name="sun.arch.data.model" value="64"/>
    <property name="java.home" value="C:\J\jdk1.6.0\jre"/>
    <property name="sun.java.command" value="C:\Users\dgch804\AppData\Local\Temp\surefirebooter448677691149015443.jar C:\Users\dgch804\AppData\Local\Temp\surefire4135909002266516662tmp C:\Users\dgch804\AppData\Local\Temp\surefire6520394915393273488tmp"/>
    <property name="java.specification.vendor" value="Sun Microsystems Inc."/>
    <property name="user.language" value="en"/>
    <property name="awt.toolkit" value="sun.awt.windows.WToolkit"/>
    <property name="java.vm.info" value="mixed mode"/>
    <property name="java.version" value="1.6.0_27"/>
    <property name="java.ext.dirs" value="C:\J\jdk1.6.0\jre\lib\ext;C:\WINDOWS\Sun\Java\lib\ext"/>
    <property name="sun.boot.class.path" value="C:\J\jdk1.6.0\jre\lib\resources.jar;C:\J\jdk1.6.0\jre\lib\rt.jar;C:\J\jdk1.6.0\jre\lib\sunrsasign.jar;C:\J\jdk1.6.0\jre\lib\jsse.jar;C:\J\jdk1.6.0\jre\lib\jce.jar;C:\J\jdk1.6.0\jre\lib\charsets.jar;C:\J\jdk1.6.0\jre\lib\modules\jdk.boot.jar;C:\J\jdk1.6.0\jre\classes"/>
    <property name="java.vendor" value="Sun Microsystems Inc."/>
    <property name="localRepository" value="c:/j/.m2/repository"/>
    <property name="file.separator" value="\"/>
    <property name="java.vendor.url.bug" value="http://java.sun.com/cgi-bin/bugreport.cgi"/>
    <property name="sun.cpu.endian" value="little"/>
    <property name="sun.io.unicode.encoding" value="UnicodeLittle"/>
    <property name="sun.desktop" value="windows"/>
    <property name="sun.cpu.isalist" value="amd64"/>
  </properties>
  <testcase time="0.052" classname="chabernac.portforward.PortForwardTest" name="testPortForward"/>
</testsuite>